<?xml version="1.0" encoding="UTF-8"?>
<!-- Generated by org.testng.reporters.JUnitReportReporter -->
<testsuite skipped="0" hostname="User-ПК" name="lab3.TestLab3" tests="1" failures="0" timestamp="20 лист. 2017 06:45:39 GMT" time="0.019" errors="0">
  <testcase name="CheckInputedData" time="0.019" classname="lab3.TestLab3"/>
</testsuite> <!-- lab3.TestLab3 -->
