<?xml version="1.0" encoding="UTF-8"?>
<!-- Generated by org.testng.reporters.JUnitReportReporter -->
<testsuite skipped="0" hostname="User-ПК" name="lab6.TestBD" tests="2" failures="0" timestamp="04 груд. 2017 12:00:53 GMT" time="1.124" errors="0">
  <testcase name="TestCompanyDB" time="1.060" classname="lab6.TestBD"/>
  <testcase name="TestEmployeeDB" time="0.064" classname="lab6.TestBD"/>
</testsuite> <!-- lab6.TestBD -->
