<?xml version="1.0" encoding="UTF-8"?>
<!-- Generated by org.testng.reporters.JUnitReportReporter -->
<testsuite skipped="0" hostname="User-ПК" name="lab4.TestCompany" tests="1" failures="0" timestamp="27 лист. 2017 06:56:56 GMT" time="0.334" errors="0">
  <testcase name="TestTreeSet" time="0.334" classname="lab4.TestCompany"/>
</testsuite> <!-- lab4.TestCompany -->
