<?xml version="1.0" encoding="UTF-8"?>
<!-- Generated by org.testng.reporters.JUnitReportReporter -->
<testsuite skipped="0" hostname="User-ПК" name="lab5.TestOutput" tests="4" failures="0" timestamp="27 лист. 2017 07:33:35 GMT" time="0.544" errors="0">
  <testcase name="TestCompanyXML" time="0.106" classname="lab5.TestOutput"/>
  <testcase name="TestEmployeeXML" time="0.016" classname="lab5.TestOutput"/>
  <testcase name="TestEmployeeJson" time="0.008" classname="lab5.TestOutput"/>
  <testcase name="TestCompanyJson" time="0.414" classname="lab5.TestOutput"/>
</testsuite> <!-- lab5.TestOutput -->
