<?xml version="1.0" encoding="UTF-8"?>
<!-- Generated by org.testng.reporters.JUnitReportReporter -->
<testsuite skipped="0" hostname="User-ПК" name="lab2.TestEmployee" tests="7" failures="0" timestamp="30 жовт. 2017 07:40:29 GMT" time="0.031" errors="0">
  <testcase name="updateSalaryByPostTest" time="0.003" classname="lab2.TestEmployee"/>
  <testcase name="updatePostTest" time="0.015" classname="lab2.TestEmployee"/>
  <testcase name="updatePostTest" time="0.005" classname="lab2.TestEmployee"/>
  <testcase name="updateSalaryByPostTest" time="0.002" classname="lab2.TestEmployee"/>
  <testcase name="updatePostTest" time="0.002" classname="lab2.TestEmployee"/>
  <testcase name="updateSalaryByPostTest" time="0.002" classname="lab2.TestEmployee"/>
  <testcase name="updateSalaryByPostTest" time="0.002" classname="lab2.TestEmployee"/>
</testsuite> <!-- lab2.TestEmployee -->
